<?xml version="1.0" encoding="UTF-8"?>
<coverage generated="1599151358958" clover="3.2.0">
  <project timestamp="1599151358958" name="All files">
    <metrics statements="23" coveredstatements="23" conditionals="5" coveredconditionals="4" methods="12" coveredmethods="12" elements="40" coveredelements="39" complexity="0" loc="23" ncloc="23" packages="1" files="1" classes="1"/>
    <file name="plant-rpg.js" path="C:\Users\fceyd\Desktop\RPG\Plant-RPG\src\plant-rpg.js">
      <metrics statements="23" coveredstatements="23" conditionals="5" coveredconditionals="4" methods="12" coveredmethods="12"/>
      <line num="2" count="1" type="stmt"/>
      <line num="3" count="7" type="stmt"/>
      <line num="4" count="7" type="cond" truecount="1" falsecount="0"/>
      <line num="5" count="10" type="stmt"/>
      <line num="6" count="10" type="stmt"/>
      <line num="7" count="10" type="stmt"/>
      <line num="11" count="1" type="stmt"/>
      <line num="12" count="3" type="stmt"/>
      <line num="13" count="5" type="stmt"/>
      <line num="20" count="1" type="stmt"/>
      <line num="21" count="1" type="stmt"/>
      <line num="22" count="1" type="stmt"/>
      <line num="31" count="1" type="stmt"/>
      <line num="35" count="1" type="stmt"/>
      <line num="36" count="1" type="stmt"/>
      <line num="38" count="1" type="stmt"/>
      <line num="39" count="2" type="cond" truecount="2" falsecount="0"/>
      <line num="40" count="1" type="stmt"/>
      <line num="42" count="1" type="stmt"/>
      <line num="46" count="1" type="stmt"/>
      <line num="48" count="1" type="stmt"/>
      <line num="49" count="1" type="stmt"/>
      <line num="50" count="1" type="stmt"/>
    </file>
  </project>
</coverage>
