{"C:\\Users\\fceyd\\Desktop\\RPG\\Plant-RPG\\src\\plant-rpg.js": {"path":"C:\\Users\\fceyd\\Desktop\\RPG\\Plant-RPG\\src\\plant-rpg.js","statementMap":{"0":{"start":{"line":2,"column":26},"end":{"line":9,"column":1}},"1":{"start":{"line":3,"column":21},"end":{"line":3,"column":33}},"2":{"start":{"line":4,"column":2},"end":{"line":8,"column":4}},"3":{"start":{"line":4,"column":43},"end":{"line":4,"column":48}},"4":{"start":{"line":5,"column":21},"end":{"line":5,"column":54}},"5":{"start":{"line":6,"column":4},"end":{"line":6,"column":35}},"6":{"start":{"line":7,"column":4},"end":{"line":7,"column":20}},"7":{"start":{"line":11,"column":27},"end":{"line":18,"column":1}},"8":{"start":{"line":12,"column":2},"end":{"line":17,"column":4}},"9":{"start":{"line":13,"column":4},"end":{"line":16,"column":7}},"10":{"start":{"line":13,"column":23},"end":{"line":16,"column":5}},"11":{"start":{"line":20,"column":33},"end":{"line":27,"column":1}},"12":{"start":{"line":21,"column":2},"end":{"line":26,"column":4}},"13":{"start":{"line":22,"column":4},"end":{"line":25,"column":7}},"14":{"start":{"line":22,"column":23},"end":{"line":25,"column":5}},"15":{"start":{"line":31,"column":26},"end":{"line":31,"column":51}},"16":{"start":{"line":35,"column":25},"end":{"line":35,"column":49}},"17":{"start":{"line":36,"column":26},"end":{"line":36,"column":51}},"18":{"start":{"line":38,"column":34},"end":{"line":44,"column":1}},"19":{"start":{"line":39,"column":2},"end":{"line":43,"column":3}},"20":{"start":{"line":40,"column":4},"end":{"line":40,"column":21}},"21":{"start":{"line":42,"column":4},"end":{"line":42,"column":22}},"22":{"start":{"line":46,"column":20},"end":{"line":46,"column":44}},"23":{"start":{"line":48,"column":26},"end":{"line":52,"column":1}},"24":{"start":{"line":49,"column":2},"end":{"line":51,"column":11}},"25":{"start":{"line":50,"column":4},"end":{"line":50,"column":23}}},"fnMap":{"0":{"name":"(anonymous_0)","decl":{"start":{"line":2,"column":26},"end":{"line":2,"column":27}},"loc":{"start":{"line":2,"column":44},"end":{"line":9,"column":1}},"line":2},"1":{"name":"(anonymous_1)","decl":{"start":{"line":4,"column":9},"end":{"line":4,"column":10}},"loc":{"start":{"line":4,"column":53},"end":{"line":8,"column":3}},"line":4},"2":{"name":"(anonymous_2)","decl":{"start":{"line":4,"column":32},"end":{"line":4,"column":33}},"loc":{"start":{"line":4,"column":43},"end":{"line":4,"column":48}},"line":4},"3":{"name":"(anonymous_3)","decl":{"start":{"line":11,"column":27},"end":{"line":11,"column":28}},"loc":{"start":{"line":11,"column":37},"end":{"line":18,"column":1}},"line":11},"4":{"name":"(anonymous_4)","decl":{"start":{"line":12,"column":9},"end":{"line":12,"column":10}},"loc":{"start":{"line":12,"column":20},"end":{"line":17,"column":3}},"line":12},"5":{"name":"(anonymous_5)","decl":{"start":{"line":13,"column":11},"end":{"line":13,"column":12}},"loc":{"start":{"line":13,"column":23},"end":{"line":16,"column":5}},"line":13},"6":{"name":"(anonymous_6)","decl":{"start":{"line":20,"column":33},"end":{"line":20,"column":34}},"loc":{"start":{"line":20,"column":43},"end":{"line":27,"column":1}},"line":20},"7":{"name":"(anonymous_7)","decl":{"start":{"line":21,"column":9},"end":{"line":21,"column":10}},"loc":{"start":{"line":21,"column":20},"end":{"line":26,"column":3}},"line":21},"8":{"name":"(anonymous_8)","decl":{"start":{"line":22,"column":11},"end":{"line":22,"column":12}},"loc":{"start":{"line":22,"column":23},"end":{"line":25,"column":5}},"line":22},"9":{"name":"(anonymous_9)","decl":{"start":{"line":38,"column":34},"end":{"line":38,"column":35}},"loc":{"start":{"line":38,"column":45},"end":{"line":44,"column":1}},"line":38},"10":{"name":"(anonymous_10)","decl":{"start":{"line":48,"column":26},"end":{"line":48,"column":27}},"loc":{"start":{"line":48,"column":37},"end":{"line":52,"column":1}},"line":48},"11":{"name":"(anonymous_11)","decl":{"start":{"line":49,"column":14},"end":{"line":49,"column":15}},"loc":{"start":{"line":49,"column":20},"end":{"line":51,"column":3}},"line":49}},"branchMap":{"0":{"loc":{"start":{"line":4,"column":10},"end":{"line":4,"column":48}},"type":"default-arg","locations":[{"start":{"line":4,"column":32},"end":{"line":4,"column":48}}],"line":4},"1":{"loc":{"start":{"line":15,"column":15},"end":{"line":15,"column":31}},"type":"binary-expr","locations":[{"start":{"line":15,"column":15},"end":{"line":15,"column":26}},{"start":{"line":15,"column":30},"end":{"line":15,"column":31}}],"line":15},"2":{"loc":{"start":{"line":39,"column":2},"end":{"line":43,"column":3}},"type":"if","locations":[{"start":{"line":39,"column":2},"end":{"line":43,"column":3}},{"start":{"line":39,"column":2},"end":{"line":43,"column":3}}],"line":39}},"s":{"0":1,"1":7,"2":7,"3":4,"4":10,"5":10,"6":10,"7":1,"8":3,"9":3,"10":5,"11":1,"12":1,"13":1,"14":1,"15":1,"16":1,"17":1,"18":1,"19":2,"20":1,"21":1,"22":1,"23":1,"24":1,"25":1},"f":{"0":7,"1":10,"2":4,"3":3,"4":3,"5":5,"6":1,"7":1,"8":1,"9":2,"10":1,"11":1},"b":{"0":[4],"1":[5,0],"2":[1,1]},"_coverageSchema":"43e27e138ebf9cfc5966b082cf9a028302ed4184","hash":"0f17572ac4ea31e832033755cf03fffd8ad29c19"}
}
