TN:
SF:C:\Users\fceyd\Desktop\RPG\Plant-RPG\src\plant-rpg.js
FN:2,(anonymous_0)
FN:4,(anonymous_1)
FN:4,(anonymous_2)
FN:11,(anonymous_3)
FN:12,(anonymous_4)
FN:13,(anonymous_5)
FN:20,(anonymous_6)
FN:21,(anonymous_7)
FN:22,(anonymous_8)
FN:38,(anonymous_9)
FN:48,(anonymous_10)
FN:49,(anonymous_11)
FNF:12
FNH:12
FNDA:7,(anonymous_0)
FNDA:10,(anonymous_1)
FNDA:4,(anonymous_2)
FNDA:3,(anonymous_3)
FNDA:3,(anonymous_4)
FNDA:5,(anonymous_5)
FNDA:1,(anonymous_6)
FNDA:1,(anonymous_7)
FNDA:1,(anonymous_8)
FNDA:2,(anonymous_9)
FNDA:1,(anonymous_10)
FNDA:1,(anonymous_11)
DA:2,1
DA:3,7
DA:4,7
DA:5,10
DA:6,10
DA:7,10
DA:11,1
DA:12,3
DA:13,5
DA:20,1
DA:21,1
DA:22,1
DA:31,1
DA:35,1
DA:36,1
DA:38,1
DA:39,2
DA:40,1
DA:42,1
DA:46,1
DA:48,1
DA:49,1
DA:50,1
LF:23
LH:23
BRDA:4,0,0,4
BRDA:15,1,0,5
BRDA:15,1,1,0
BRDA:39,2,0,1
BRDA:39,2,1,1
BRF:5
BRH:4
end_of_record
